<?xml version="1.0" encoding="UTF-8"?>
<testng-results ignored="0" total="3" passed="3" failed="0" skipped="0">
  <reporter-output>
  </reporter-output>
  <suite started-at="2023-01-18T11:58:42 IST" name="Suite" finished-at="2023-01-18T11:58:52 IST" duration-ms="10499">
    <groups>
    </groups>
    <test started-at="2023-01-18T11:58:42 IST" name="Test" finished-at="2023-01-18T11:58:52 IST" duration-ms="10499">
      <class name="testcases.TC_002">
        <test-method signature="testcase1()[pri:0, instance:testcases.TC_002@2df9b86]" started-at="2023-01-18T11:58:42 IST" name="testcase1" finished-at="2023-01-18T11:58:46 IST" duration-ms="4668" status="PASS">
          <reporter-output>
          </reporter-output>
        </test-method> <!-- testcase1 -->
      </class> <!-- testcases.TC_002 -->
      <class name="testcases.TC_001">
        <test-method signature="testcase1()[pri:0, instance:testcases.TC_001@49c7b90e]" started-at="2023-01-18T11:58:47 IST" name="testcase1" finished-at="2023-01-18T11:58:50 IST" duration-ms="3070" status="PASS">
          <reporter-output>
          </reporter-output>
        </test-method> <!-- testcase1 -->
      </class> <!-- testcases.TC_001 -->
      <class name="testcases.TC_003">
        <test-method signature="testcase1()[pri:0, instance:testcases.TC_003@10d307f1]" started-at="2023-01-18T11:58:50 IST" name="testcase1" finished-at="2023-01-18T11:58:52 IST" duration-ms="2679" status="PASS">
          <reporter-output>
          </reporter-output>
        </test-method> <!-- testcase1 -->
      </class> <!-- testcases.TC_003 -->
    </test> <!-- Test -->
  </suite> <!-- Suite -->
</testng-results>
