<?xml version="1.0" encoding="UTF-8"?>
<testng-results ignored="0" total="3" passed="3" failed="0" skipped="0">
  <reporter-output>
  </reporter-output>
  <suite started-at="2023-01-26T00:20:11 IST" name="Suite" finished-at="2023-01-26T00:20:19 IST" duration-ms="8963">
    <groups>
    </groups>
    <test started-at="2023-01-26T00:20:11 IST" name="Test" finished-at="2023-01-26T00:20:19 IST" duration-ms="8963">
      <class name="testcases.TC_002">
        <test-method signature="testcase1()[pri:0, instance:testcases.TC_002@6e0dec4a]" started-at="2023-01-26T00:20:11 IST" name="testcase1" finished-at="2023-01-26T00:20:14 IST" duration-ms="3558" status="PASS">
          <reporter-output>
          </reporter-output>
        </test-method> <!-- testcase1 -->
      </class> <!-- testcases.TC_002 -->
      <class name="testcases.TC_001">
        <test-method signature="testcase1()[pri:0, instance:testcases.TC_001@60d8c9b7]" started-at="2023-01-26T00:20:14 IST" name="testcase1" finished-at="2023-01-26T00:20:17 IST" duration-ms="2771" status="PASS">
          <reporter-output>
          </reporter-output>
        </test-method> <!-- testcase1 -->
      </class> <!-- testcases.TC_001 -->
      <class name="testcases.TC_003">
        <test-method signature="testcase1()[pri:0, instance:testcases.TC_003@48aaecc3]" started-at="2023-01-26T00:20:17 IST" name="testcase1" finished-at="2023-01-26T00:20:19 IST" duration-ms="2575" status="PASS">
          <reporter-output>
          </reporter-output>
        </test-method> <!-- testcase1 -->
      </class> <!-- testcases.TC_003 -->
    </test> <!-- Test -->
  </suite> <!-- Suite -->
</testng-results>
